============================================================
风电站功率预测模型训练（优化版）
============================================================
正在加载数据...
GFS数据: 35041 条记录
功率数据: 35043 条记录
清理负值后功率数据范围: 0.00 - 49835.00 kW

正在合并数据...
合并后数据: 35041 条记录
时间范围: 2024-08-01 00:00:00 到 2025-08-01 00:00:00

正在进行特征工程...
特征工程完成，共 64 个特征

温度统计量:
  均值: 4.85°C
  标准差: 2.98°C

正在划分数据集...
训练集: 28032 条
测试集: 7009 条
使用特征: 43 个

正在训练集成模型...
训练XGBoost模型（v2.6异常处理优化版）...
训练Random Forest模型...
训练Gradient Boosting模型...
训练LightGBM模型...
集成模型训练完成

正在评估模型...

集成模型性能指标（优化后）:
MAE (平均绝对误差): 5370.12 kW
RMSE (均方根误差): 7104.03 kW
MAPE (平均绝对百分比误差): 146.77%
R² (决定系数): 0.7282

预测对比图已保存至: prediction_results_optimized.png
特征重要性图已保存至: feature_importance_optimized.png

正在生成偏差分析图...
✓ 偏差分析图已保存: bias_analysis_during_training.png

准确度统计:
  >=90%准确度: 13.71%
  >=85%准确度: 20.46%
  >=80%准确度: 25.45%
  >=75%准确度: 30.50%
  >=70%准确度: 36.10%
  平均MAPE: 53162.41%
  中位数MAPE: 48.47%

======================================================================
v2.8 Stacking集成评估
======================================================================

正在构建Stacking集成...
训练Stacking集成（5折交叉验证）...
